This is pdfeTeX, Version 3.141592-1.21a-2.2 (Web2C 7.5.4) (format=latex 2007.2.9)  26 NOV 2009 10:37
entering extended mode
**malcolm_proposal
(./malcolm_proposal.tex
LaTeX2e <2003/12/01>
Babel <v3.8d> and hyphenation patterns for american, french, german, ngerman, b
ahasa, basque, bulgarian, catalan, croatian, czech, danish, dutch, esperanto, e
stonian, finnish, greek, icelandic, irish, italian, latin, magyar, norsk, polis
h, portuges, romanian, russian, serbian, slovak, slovene, spanish, swedish, tur
kish, ukrainian, nohyphenation, loaded.
(./gatech-thesis.cls
Document Class: gatech-thesis 2006/01/24 1.7 (Mitchel T. Keller)
(/opt/local/share/texmf-dist/tex/latex/tools/calc.sty
Package: calc 1998/07/07 v4.1b Infix arithmetic (KKT,FJ)
\calc@Acount=\count79
\calc@Bcount=\count80
\calc@Adimen=\dimen102
\calc@Bdimen=\dimen103
\calc@Askip=\skip41
\calc@Bskip=\skip42
LaTeX Info: Redefining \setlength on input line 59.
LaTeX Info: Redefining \addtolength on input line 60.
\calc@denominator=\count81
)
(/opt/local/share/texmf-dist/tex/latex/base/report.cls
Document Class: report 2004/02/16 v1.4f Standard LaTeX document class
(/opt/local/share/texmf-dist/tex/latex/base/size12.clo
File: size12.clo 2004/02/16 v1.4f Standard LaTeX file (size option)
)
\c@part=\count82
\c@chapter=\count83
\c@section=\count84
\c@subsection=\count85
\c@subsubsection=\count86
\c@paragraph=\count87
\c@subparagraph=\count88
\c@figure=\count89
\c@table=\count90
\abovecaptionskip=\skip43
\belowcaptionskip=\skip44
\bibindent=\dimen104
)
\signature@width=\skip45
\c@signatures=\count91
\c@cnt@Lsig=\count92
\c@cnt@Rsig=\count93
\gt@tocentryskip@value=\skip46
\gt@beforepartskip@value=\skip47
\gt@beforechapskip@value=\skip48
\gt@beforesecskip@value=\skip49
\gt@beforesubsecskip@value=\skip50
\gt@beforesubsubsecskip@value=\skip51
\gt@beforeparaskip@value=\skip52
\gt@beforesubparaskip@value=\skip53
\gt@beforefigskip@value=\skip54
\gt@beforetableskip@value=\skip55
\gt@tmpa=\skip56
\c@part@savepagenum=\count94
\c@part@pagenum=\count95
)
(/opt/local/share/texmf-dist/tex/latex/amsfonts/amsfonts.sty
Package: amsfonts 2001/10/25 v2.2f
\@emptytoks=\toks14
\symAMSa=\mathgroup4
\symAMSb=\mathgroup5
LaTeX Font Info:    Overwriting math alphabet `\mathfrak' in version `bold'
(Font)                  U/euf/m/n --> U/euf/b/n on input line 132.
)
(/opt/local/share/texmf-dist/tex/latex/amsmath/amsmath.sty
Package: amsmath 2000/07/18 v2.13 AMS math features
\@mathmargin=\skip57

For additional information on amsmath, use the `?' option.
(/opt/local/share/texmf-dist/tex/latex/amsmath/amstext.sty
Package: amstext 2000/06/29 v2.01

(/opt/local/share/texmf-dist/tex/latex/amsmath/amsgen.sty
File: amsgen.sty 1999/11/30 v2.0
\@emptytoks=\toks15
\ex@=\dimen105
))
(/opt/local/share/texmf-dist/tex/latex/amsmath/amsbsy.sty
Package: amsbsy 1999/11/29 v1.2d
\pmbraise@=\dimen106
)
(/opt/local/share/texmf-dist/tex/latex/amsmath/amsopn.sty
Package: amsopn 1999/12/14 v2.01 operator names
)
\inf@bad=\count96
LaTeX Info: Redefining \frac on input line 211.
\uproot@=\count97
\leftroot@=\count98
LaTeX Info: Redefining \overline on input line 307.
\classnum@=\count99
\DOTSCASE@=\count100
LaTeX Info: Redefining \ldots on input line 379.
LaTeX Info: Redefining \dots on input line 382.
LaTeX Info: Redefining \cdots on input line 467.
\Mathstrutbox@=\box26
\strutbox@=\box27
\big@size=\dimen107
LaTeX Font Info:    Redeclaring font encoding OML on input line 567.
LaTeX Font Info:    Redeclaring font encoding OMS on input line 568.
\macc@depth=\count101
\c@MaxMatrixCols=\count102
\dotsspace@=\muskip10
\c@parentequation=\count103
\dspbrk@lvl=\count104
\tag@help=\toks16
\row@=\count105
\column@=\count106
\maxfields@=\count107
\andhelp@=\toks17
\eqnshift@=\dimen108
\alignsep@=\dimen109
\tagshift@=\dimen110
\tagwidth@=\dimen111
\totwidth@=\dimen112
\lineht@=\dimen113
\@envbody=\toks18
\multlinegap=\skip58
\multlinetaggap=\skip59
\mathdisplay@stack=\toks19
LaTeX Info: Redefining \[ on input line 2666.
LaTeX Info: Redefining \] on input line 2667.
)
(/opt/local/share/texmf-dist/tex/latex/amsfonts/amssymb.sty
Package: amssymb 2002/01/22 v2.2d
)
(/opt/local/share/texmf-dist/tex/latex/base/latexsym.sty
Package: latexsym 1998/08/17 v2.2e Standard LaTeX package (lasy symbols)
\symlasy=\mathgroup6
LaTeX Font Info:    Overwriting symbol font `lasy' in version `bold'
(Font)                  U/lasy/m/n --> U/lasy/b/n on input line 47.
)
(/opt/local/share/texmf-dist/tex/latex/base/fixltx2e.sty
Package: fixltx2e 2004/02/13 v1.1h fixes to LaTeX
LaTeX Info: Redefining \@fnsymbol on input line 371.
LaTeX Info: Redefining \em on input line 403.
)
(/opt/local/share/texmf-dist/tex/latex/cite/cite.sty
LaTeX Info: Redefining \cite on input line 149.
LaTeX Info: Redefining \nocite on input line 214.
Package: cite 2003/11/04  v 4.01
)
(/opt/local/share/texmf-dist/tex/latex/mdwtools/mdwlist.sty
Package: mdwlist 1996/05/02 1.1 Various list-related things
)
(/opt/local/share/texmf-dist/tex/latex/graphics/color.sty
Package: color 1999/02/16 v1.0i Standard LaTeX Color (DPC)

(/opt/local/share/texmf-dist/tex/latex/graphics/color.cfg
File: color.cfg 2005/02/03 v1.3 color configuration of teTeX/TeXLive
)
Package color Info: Driver file: dvips.def on input line 125.

(/opt/local/share/texmf-dist/tex/latex/graphics/dvips.def
File: dvips.def 1999/02/16 v3.0i Driver-dependant file (DPC,SPQR)
)
(/opt/local/share/texmf-dist/tex/latex/graphics/dvipsnam.def
File: dvipsnam.def 1999/02/16 v3.0i Driver-dependant file (DPC,SPQR)
))
(/opt/local/share/texmf-dist/tex/latex/graphics/graphicx.sty
Package: graphicx 1999/02/16 v1.0f Enhanced LaTeX Graphics (DPC,SPQR)

(/opt/local/share/texmf-dist/tex/latex/graphics/keyval.sty
Package: keyval 1999/03/16 v1.13 key=value parser (DPC)
\KV@toks@=\toks20
)
(/opt/local/share/texmf-dist/tex/latex/graphics/graphics.sty
Package: graphics 2001/07/07 v1.0n Standard LaTeX Graphics (DPC,SPQR)

(/opt/local/share/texmf-dist/tex/latex/graphics/trig.sty
Package: trig 1999/03/16 v1.09 sin cos tan (DPC)
)
(/opt/local/share/texmf-dist/tex/latex/graphics/graphics.cfg
File: graphics.cfg 2005/02/03 v1.3 graphics configuration of teTeX/TeXLive
)
Package graphics Info: Driver file: dvips.def on input line 80.
)
\Gin@req@height=\dimen114
\Gin@req@width=\dimen115
)
(/opt/local/share/texmf-dist/tex/latex/hyperref/hyperref.sty
Package: hyperref 2003/11/30 v6.74m Hypertext links for LaTeX
\@linkdim=\dimen116
\Hy@linkcounter=\count108
\Hy@pagecounter=\count109

(/opt/local/share/texmf-dist/tex/latex/hyperref/pd1enc.def
File: pd1enc.def 2003/11/30 v6.74m Hyperref: PDFDocEncoding definition (HO)
)
(/opt/local/share/texmf-dist/tex/latex/hyperref/hyperref.cfg
File: hyperref.cfg 2002/06/06 v1.2 hyperref configuration of TeXLive and teTeX
)
Package hyperref Info: Option `draft' set `true' on input line 1830.
Package hyperref Info: Hyper figures OFF on input line 1880.
Package hyperref Info: Link nesting OFF on input line 1885.
Package hyperref Info: Hyper index ON on input line 1888.
Package hyperref Info: Plain pages ON on input line 1893.
Package hyperref Info: Backreferencing OFF on input line 1900.

Implicit mode ON; LaTeX internals redefined
Package hyperref Info: Bookmarks ON on input line 2004.
(/opt/local/share/texmf-dist/tex/latex/url/url.sty
\Urlmuskip=\muskip11
Package: url 2004/03/15  ver 3.1  Verb mode for urls, etc.
)
LaTeX Info: Redefining \url on input line 2143.
\Fld@menulength=\count110
\Field@Width=\dimen117
\Fld@charsize=\dimen118
\Choice@toks=\toks21
\Field@toks=\toks22
Package hyperref Info: Hyper figures OFF on input line 2618.
Package hyperref Info: Link nesting OFF on input line 2623.
Package hyperref Info: Hyper index ON on input line 2626.
Package hyperref Info: backreferencing OFF on input line 2633.
Package hyperref Info: Link coloring OFF on input line 2638.
\c@Item=\count111
\c@Hfootnote=\count112
)
*hyperref using default driver hdvips*
(/opt/local/share/texmf-dist/tex/latex/hyperref/hdvips.def
File: hdvips.def 2003/11/30 v6.74m Hyperref driver for dvips

(/opt/local/share/texmf-dist/tex/latex/hyperref/pdfmark.def
File: pdfmark.def 2003/11/30 v6.74m Hyperref definitions for pdfmark specials
\pdf@docset=\toks23
\pdf@box=\box28
\pdf@toks=\toks24
\pdf@defaulttoks=\toks25
\Fld@listcount=\count113
\@outlinefile=\write3
))
(/opt/local/share/texmf-dist/tex/latex/oberdiek/hypcap.sty
Package: hypcap 2001/08/27 v1.3 Adjusting anchors of captions (HO)
)
(/opt/local/share/texmf-dist/tex/latex/subfig/subfig.sty
Package: subfig 2004/01/28 ver: 1.2 subfig package

(/opt/local/share/texmf-dist/tex/latex/caption/caption.sty
Package: caption 2008/08/24 v3.1j Customizing captions (AR)

(/opt/local/share/texmf-dist/tex/latex/caption/caption3.sty
Package: caption3 2008/08/24 v3.1j caption3 kernel (AR)
\captionmargin=\dimen119
\captionmargin@=\dimen120
\captionwidth=\dimen121
\caption@indent=\dimen122
\caption@parindent=\dimen123
\caption@hangindent=\dimen124
Package caption Info: Unknown document class (or package),
(caption)             standard defaults will be used on input line 1027.
)

Package caption Warning: Unsupported document class (or package) detected,
(caption)                usage of the caption package is not recommended.
See the caption package documentation for explanation.

Package caption Info: \@makecaption = \long macro:#1#2->\vskip \abovecaptionski
p \sbox \@tempboxa {\textbf {#1: }#2}\ifdim \wd \@tempboxa >\hsize \textbf {#1:
 }#2\par \else \global \@minipagefalse \hb@xt@ \hsize {\hfil \box \@tempboxa \h
fil }\fi \vskip \belowcaptionskip .
\c@ContinuedFloat=\count114
Package caption Info: hyperref package is loaded.
Package caption Info: hypcap package is loaded.
)
\c@KVtest=\count115
\sf@farskip=\skip60
\sf@captopadj=\dimen125
\sf@capskip=\skip61
\sf@nearskip=\skip62
\c@subfigure=\count116
\c@subfigure@save=\count117
\c@lofdepth=\count118
\c@subtable=\count119
\c@subtable@save=\count120
\c@lotdepth=\count121
\sf@top=\skip63
\sf@bottom=\skip64
) (/opt/local/share/texmf-dist/tex/latex/algorithms/algorithm.sty
Package: algorithm 

Document Style `algorithm' - floating environment
(/opt/local/share/texmf-dist/tex/latex/float/float.sty
Package: float 2001/11/08 v1.3d Float enhancements (AL)
\c@float@type=\count122
\float@exts=\toks26
\float@box=\box29
\@float@everytoks=\toks27
\@floatcapt=\box30
)
(/opt/local/share/texmf-dist/tex/latex/base/ifthen.sty
Package: ifthen 2001/05/26 v1.1c Standard LaTeX ifthen package (DPC)
)
\@float@every@algorithm=\toks28
\c@algorithm=\count123
)
(/opt/local/share/texmf-dist/tex/latex/algorithms/algorithmic.sty
Package: algorithmic 

Document Style `algorithmic' - environment
\c@ALC@line=\count124
\c@ALC@rem=\count125
\c@ALC@depth=\count126
\ALC@tlm=\skip65
) (/opt/local/share/texmf-dist/tex/latex/tools/xspace.sty
Package: xspace 1997/10/13 v1.06 Space after command names (DPC)
)
(./malcolm_proposal.aux)
\openout1 = `malcolm_proposal.aux'.

LaTeX Font Info:    Checking defaults for OML/cmm/m/it on input line 93.
LaTeX Font Info:    ... okay on input line 93.
LaTeX Font Info:    Checking defaults for T1/cmr/m/n on input line 93.
LaTeX Font Info:    ... okay on input line 93.
LaTeX Font Info:    Checking defaults for OT1/cmr/m/n on input line 93.
LaTeX Font Info:    ... okay on input line 93.
LaTeX Font Info:    Checking defaults for OMS/cmsy/m/n on input line 93.
LaTeX Font Info:    ... okay on input line 93.
LaTeX Font Info:    Checking defaults for OMX/cmex/m/n on input line 93.
LaTeX Font Info:    ... okay on input line 93.
LaTeX Font Info:    Checking defaults for U/cmr/m/n on input line 93.
LaTeX Font Info:    ... okay on input line 93.
LaTeX Font Info:    Checking defaults for PD1/pdf/m/n on input line 93.
LaTeX Font Info:    ... okay on input line 93.


Package hyperref Warning:  draft mode on.

Package hyperref Info: Link coloring OFF on input line 93.
(/opt/local/share/texmf-dist/tex/latex/hyperref/nameref.sty
Package: nameref 2003/12/03 v2.21 Cross-referencing by name of section
\c@section@level=\count127
)
LaTeX Info: Redefining \ref on input line 93.
LaTeX Info: Redefining \pageref on input line 93.
Package caption Info: Begin \AtBeginDocument code.
Package caption3 Info: subfig package 1.2 or 1.3 is loaded.
LaTeX Info: Redefining \subref on input line 93.
Package caption Info: float package is loaded.
Package caption Info: End \AtBeginDocument code.

Underfull \hbox (badness 10000) has occurred while \output is active
 
 []


Underfull \hbox (badness 10000) has occurred while \output is active
 
 []

[1

]
SIGNATURES: 4
LaTeX Font Info:    Try loading font information for U+msa on input line 98.
(/opt/local/share/texmf-dist/tex/latex/amsfonts/umsa.fd
File: umsa.fd 2002/01/19 v2.2g AMS font definitions
)
LaTeX Font Info:    Try loading font information for U+msb on input line 98.

(/opt/local/share/texmf-dist/tex/latex/amsfonts/umsb.fd
File: umsb.fd 2002/01/19 v2.2g AMS font definitions
)
LaTeX Font Info:    Try loading font information for U+lasy on input line 98.

(/opt/local/share/texmf-dist/tex/latex/base/ulasy.fd
File: ulasy.fd 1998/08/17 v2.2e LaTeX symbol font definitions
)
Underfull \hbox (badness 10000) has occurred while \output is active
 
 []


Underfull \hbox (badness 10000) has occurred while \output is active
 
 []

[2

] (./malcolm_proposal.toc)
\tf@toc=\write4
\openout4 = `malcolm_proposal.toc'.

 [3


]
***************** Summary ******************
[4


]
CHAPTER I.
File: /Users/malcolm/junk/writeups/fibers/figs/watson_response/case01045_1T_tc_
sweet.eps Graphic file (type eps)

</Users/malcolm/junk/writeups/fibers/figs/watson_response/case01045_1T_tc_sweet
.eps>
File: /Users/malcolm/junk/writeups/fibers/figs/watson_response/case01045_2W_tc_
sweet.eps Graphic file (type eps)

</Users/malcolm/junk/writeups/fibers/figs/watson_response/case01045_2W_tc_sweet
.eps> [1

] [2] (/Users/malcolm/junk/writeups/fibers/figs/ukf/ukf.pstex_t
File: /Users/malcolm/junk/writeups/fibers/figs/ukf/ukf.pstex Graphic file (type
 eps)

</Users/malcolm/junk/writeups/fibers/figs/ukf/ukf.pstex>) [3] [4] [5]
File: /Users/malcolm/junk/writeups/fibers/figs/watson/watson_strong.eps Graphic
 file (type eps)

</Users/malcolm/junk/writeups/fibers/figs/watson/watson_strong.eps>
File: /Users/malcolm/junk/writeups/fibers/figs/watson/watson_weak.eps Graphic f
ile (type eps)

</Users/malcolm/junk/writeups/fibers/figs/watson/watson_weak.eps>
File: /Users/malcolm/junk/writeups/fibers/figs/watson/watson_iso.eps Graphic fi
le (type eps)

</Users/malcolm/junk/writeups/fibers/figs/watson/watson_iso.eps>
File: /Users/malcolm/junk/writeups/fibers/figs/watson/watson_two.eps Graphic fi
le (type eps)

</Users/malcolm/junk/writeups/fibers/figs/watson/watson_two.eps>
File: /Users/malcolm/junk/writeups/fibers/figs/watson/watson_three.eps Graphic 
file (type eps)

</Users/malcolm/junk/writeups/fibers/figs/watson/watson_three.eps> [6] [7]
[8] [9]
Package hyperref Info: bookmark level for unknown algorithm defaults to 0 on in
put line 557.
 [10] [11] [12]
CHAPTER II.
File: /Users/malcolm/junk/writeups/fibers/figs/watson/samples_b1000_pure.eps Gr
aphic file (type eps)
</Users/malcolm/junk/writeups/fibers/figs/watson/samples_b1000_pure.eps>
File: /Users/malcolm/junk/writeups/fibers/figs/watson/samples_b3000_pure.eps Gr
aphic file (type eps)

</Users/malcolm/junk/writeups/fibers/figs/watson/samples_b3000_pure.eps>
File: /Users/malcolm/junk/writeups/fibers/figs/watson/samples_b1000_noisy.eps G
raphic file (type eps)

</Users/malcolm/junk/writeups/fibers/figs/watson/samples_b1000_noisy.eps>
File: /Users/malcolm/junk/writeups/fibers/figs/watson/samples_b3000_noisy.eps G
raphic file (type eps)

</Users/malcolm/junk/writeups/fibers/figs/watson/samples_b3000_noisy.eps>
Overfull \hbox (17.93816pt too wide) in paragraph at lines 677--689
\OT1/cmr/m/n/12 (FA) and com-pute the av-er-age eigen-val-ues among these vox-e
ls: $\OMS/cmsy/m/n/12 f\OT1/cmr/m/n/12 1200\OML/cmm/m/it/12 ; \OT1/cmr/m/n/12 1
00\OML/cmm/m/it/12 ; \OT1/cmr/m/n/12 100\OMS/cmsy/m/n/12 g\OML/cmm/m/it/12 ^^V$
\OT1/cmr/m/n/12 m$[]$/msec
 []

File: /Users/malcolm/junk/writeups/fibers/figs/watson/mse_2W_b1000_clean.eps Gr
aphic file (type eps)
</Users/malcolm/junk/writeups/fibers/figs/watson/mse_2W_b1000_clean.eps>
File: /Users/malcolm/junk/writeups/fibers/figs/watson/mse_2W_b1000_dirty.eps Gr
aphic file (type eps)

</Users/malcolm/junk/writeups/fibers/figs/watson/mse_2W_b1000_dirty.eps>
File: /Users/malcolm/junk/writeups/fibers/figs/watson/mse_2W_b3000_clean.eps Gr
aphic file (type eps)

</Users/malcolm/junk/writeups/fibers/figs/watson/mse_2W_b3000_clean.eps>
File: /Users/malcolm/junk/writeups/fibers/figs/watson/mse_2W_b3000_dirty.eps Gr
aphic file (type eps)

</Users/malcolm/junk/writeups/fibers/figs/watson/mse_2W_b3000_dirty.eps>
[13

] [14]
File: /Users/malcolm/junk/writeups/fibers/figs/watson/angle_2W_b1000_PP_clean.e
ps Graphic file (type eps)

</Users/malcolm/junk/writeups/fibers/figs/watson/angle_2W_b1000_PP_clean.eps>
File: /Users/malcolm/junk/writeups/fibers/figs/watson/angle_2W_b1000_PP_dirty.e
ps Graphic file (type eps)

</Users/malcolm/junk/writeups/fibers/figs/watson/angle_2W_b1000_PP_dirty.eps>
File: /Users/malcolm/junk/writeups/fibers/figs/watson/angle_2W_b3000_PP_clean.e
ps Graphic file (type eps)

</Users/malcolm/junk/writeups/fibers/figs/watson/angle_2W_b3000_PP_clean.eps>
File: /Users/malcolm/junk/writeups/fibers/figs/watson/angle_2W_b3000_PP_dirty.e
ps Graphic file (type eps)

</Users/malcolm/junk/writeups/fibers/figs/watson/angle_2W_b3000_PP_dirty.eps>
File: /Users/malcolm/junk/writeups/fibers/figs/watson/angle_2W_b1000_SH_clean.e
ps Graphic file (type eps)

</Users/malcolm/junk/writeups/fibers/figs/watson/angle_2W_b1000_SH_clean.eps>
File: /Users/malcolm/junk/writeups/fibers/figs/watson/angle_2W_b1000_SH_dirty.e
ps Graphic file (type eps)

</Users/malcolm/junk/writeups/fibers/figs/watson/angle_2W_b1000_SH_dirty.eps>
File: /Users/malcolm/junk/writeups/fibers/figs/watson/angle_2W_b3000_SH_clean.e
ps Graphic file (type eps)

</Users/malcolm/junk/writeups/fibers/figs/watson/angle_2W_b3000_SH_clean.eps>
File: /Users/malcolm/junk/writeups/fibers/figs/watson/angle_2W_b3000_SH_dirty.e
ps Graphic file (type eps)

</Users/malcolm/junk/writeups/fibers/figs/watson/angle_2W_b3000_SH_dirty.eps>
[15] [16]
File: /Users/malcolm/junk/writeups/fibers/figs/watson/compare_b3000_2W.eps Grap
hic file (type eps)

</Users/malcolm/junk/writeups/fibers/figs/watson/compare_b3000_2W.eps>
File: /Users/malcolm/junk/writeups/fibers/figs/watson/compare_tract_b1000_2W.ep
s Graphic file (type eps)

</Users/malcolm/junk/writeups/fibers/figs/watson/compare_tract_b1000_2W.eps>
File: /Users/malcolm/junk/writeups/fibers/figs/watson/compare_tract_b1000_2W_zo
om.eps Graphic file (type eps)

</Users/malcolm/junk/writeups/fibers/figs/watson/compare_tract_b1000_2W_zoom.ep
s>
Underfull \hbox (badness 3792) in paragraph at lines 830--830
[]\OT1/cmr/m/n/10 (b) |Es-ti-mated ODFs along
 []

File: /Users/malcolm/junk/writeups/fibers/figs/watson/case01045_1T_tc.eps Graph
ic file (type eps)
</Users/malcolm/junk/writeups/fibers/figs/watson/case01045_1T_tc.eps>
File: /Users/malcolm/junk/writeups/fibers/figs/watson/case01045_SH_tc.eps Graph
ic file (type eps)

</Users/malcolm/junk/writeups/fibers/figs/watson/case01045_SH_tc.eps>
Overfull \hbox (7.83324pt too wide) in paragraph at lines 845--848
 [][][][] 
 []

File: /Users/malcolm/junk/writeups/fibers/figs/watson/case01045_2W_tc.eps Graph
ic file (type eps)
</Users/malcolm/junk/writeups/fibers/figs/watson/case01045_2W_tc.eps>
File: /Users/malcolm/junk/writeups/fibers/figs/watson/case01045_2W_tc_zoom.eps 
Graphic file (type eps)

</Users/malcolm/junk/writeups/fibers/figs/watson/case01045_2W_tc_zoom.eps>
Overfull \hbox (7.83324pt too wide) in paragraph at lines 850--857
 [][][][] 
 []

[17] [18] [19]
File: /Users/malcolm/junk/writeups/fibers/figs/watson/case01045_1T_cc_top.eps G
raphic file (type eps)

</Users/malcolm/junk/writeups/fibers/figs/watson/case01045_1T_cc_top.eps>
File: /Users/malcolm/junk/writeups/fibers/figs/watson/case01045_1T_cc_front.eps
 Graphic file (type eps)

</Users/malcolm/junk/writeups/fibers/figs/watson/case01045_1T_cc_front.eps>
File: /Users/malcolm/junk/writeups/fibers/figs/watson/case01045_SH_cc_top.eps G
raphic file (type eps)

</Users/malcolm/junk/writeups/fibers/figs/watson/case01045_SH_cc_top.eps>
File: /Users/malcolm/junk/writeups/fibers/figs/watson/case01045_SH_cc_front.eps
 Graphic file (type eps)

</Users/malcolm/junk/writeups/fibers/figs/watson/case01045_SH_cc_front.eps>
File: /Users/malcolm/junk/writeups/fibers/figs/watson/case01045_2W_cc_top.eps G
raphic file (type eps)

</Users/malcolm/junk/writeups/fibers/figs/watson/case01045_2W_cc_top.eps>
File: /Users/malcolm/junk/writeups/fibers/figs/watson/case01045_2W_cc_front.eps
 Graphic file (type eps)

</Users/malcolm/junk/writeups/fibers/figs/watson/case01045_2W_cc_front.eps>
Overfull \hbox (7.41602pt too wide) in paragraph at lines 932--948
 [][][][][][] 
 []

File: /Users/malcolm/junk/writeups/fibers/figs/watson/case01045_2W_cc_zoom.eps 
Graphic file (type eps)
</Users/malcolm/junk/writeups/fibers/figs/watson/case01045_2W_cc_zoom.eps>
File: /Users/malcolm/junk/writeups/fibers/figs/watson/case01045_1T_ic_front.eps
 Graphic file (type eps)

</Users/malcolm/junk/writeups/fibers/figs/watson/case01045_1T_ic_front.eps>
File: /Users/malcolm/junk/writeups/fibers/figs/watson/case01045_SH_ic_front.eps
 Graphic file (type eps)

</Users/malcolm/junk/writeups/fibers/figs/watson/case01045_SH_ic_front.eps>
File: /Users/malcolm/junk/writeups/fibers/figs/watson/case01045_2W_ic_front.eps
 Graphic file (type eps)

</Users/malcolm/junk/writeups/fibers/figs/watson/case01045_2W_ic_front.eps>
Overfull \hbox (7.41602pt too wide) in paragraph at lines 962--970
 [][][][][][] 
 []

File: /Users/malcolm/junk/writeups/fibers/figs/watson/case01045_1T_ic_top.eps G
raphic file (type eps)
</Users/malcolm/junk/writeups/fibers/figs/watson/case01045_1T_ic_top.eps>
File: /Users/malcolm/junk/writeups/fibers/figs/watson/case01045_SH_ic_top.eps G
raphic file (type eps)

</Users/malcolm/junk/writeups/fibers/figs/watson/case01045_SH_ic_top.eps>
File: /Users/malcolm/junk/writeups/fibers/figs/watson/case01045_2W_ic_top.eps G
raphic file (type eps)

</Users/malcolm/junk/writeups/fibers/figs/watson/case01045_2W_ic_top.eps>
Overfull \hbox (7.41602pt too wide) in paragraph at lines 976--984
 [][][][][][] 
 []

[20] [21]
File: /Users/malcolm/junk/writeups/fibers/figs/watson/case01045_1T_ic_left.eps 
Graphic file (type eps)

</Users/malcolm/junk/writeups/fibers/figs/watson/case01045_1T_ic_left.eps>
File: /Users/malcolm/junk/writeups/fibers/figs/watson/case01045_SH_ic_left.eps 
Graphic file (type eps)

</Users/malcolm/junk/writeups/fibers/figs/watson/case01045_SH_ic_left.eps>
File: /Users/malcolm/junk/writeups/fibers/figs/watson/case01045_2W_ic_left.eps 
Graphic file (type eps)

</Users/malcolm/junk/writeups/fibers/figs/watson/case01045_2W_ic_left.eps>
Overfull \hbox (7.41602pt too wide) in paragraph at lines 1033--1040
 [][][][][][] 
 []

[22] [23] [24]
CHAPTER III.
[25

]
***************** References ******************
[26] (./malcolm_proposal.bbl [27


] [28] [29] [30]) [31] (./malcolm_proposal.aux) ) 
Here is how much of TeX's memory you used:
 5315 strings out of 94501
 78460 string characters out of 1174997
 143918 words of memory out of 1000000
 8341 multiletter control sequences out of 10000+50000
 14433 words of font info for 59 fonts, out of 500000 for 2000
 580 hyphenation exceptions out of 1000
 42i,13n,45p,749b,519s stack positions out of 1500i,500n,5000p,200000b,5000s

Output written on malcolm_proposal.dvi (35 pages, 109808 bytes).
