This is pdfeTeX, Version 3.141592-1.21a-2.2 (Web2C 7.5.4) (format=latex 2007.2.9)  12 DEC 2010 14:07
entering extended mode
**malcolm_diss
(./malcolm_diss.tex
LaTeX2e <2003/12/01>
Babel <v3.8d> and hyphenation patterns for american, french, german, ngerman, b
ahasa, basque, bulgarian, catalan, croatian, czech, danish, dutch, esperanto, e
stonian, finnish, greek, icelandic, irish, italian, latin, magyar, norsk, polis
h, portuges, romanian, russian, serbian, slovak, slovene, spanish, swedish, tur
kish, ukrainian, nohyphenation, loaded.
(./gatech-thesis.cls
Document Class: gatech-thesis 2006/01/24 1.7 (Mitchel T. Keller)
(/opt/local/share/texmf-dist/tex/latex/tools/calc.sty
Package: calc 1998/07/07 v4.1b Infix arithmetic (KKT,FJ)
\calc@Acount=\count79
\calc@Bcount=\count80
\calc@Adimen=\dimen102
\calc@Bdimen=\dimen103
\calc@Askip=\skip41
\calc@Bskip=\skip42
LaTeX Info: Redefining \setlength on input line 59.
LaTeX Info: Redefining \addtolength on input line 60.
\calc@denominator=\count81
)
(/opt/local/share/texmf-dist/tex/latex/base/report.cls
Document Class: report 2004/02/16 v1.4f Standard LaTeX document class
(/opt/local/share/texmf-dist/tex/latex/base/size11.clo
File: size11.clo 2004/02/16 v1.4f Standard LaTeX file (size option)
)
\c@part=\count82
\c@chapter=\count83
\c@section=\count84
\c@subsection=\count85
\c@subsubsection=\count86
\c@paragraph=\count87
\c@subparagraph=\count88
\c@figure=\count89
\c@table=\count90
\abovecaptionskip=\skip43
\belowcaptionskip=\skip44
\bibindent=\dimen104
)
\signature@width=\skip45
\c@signatures=\count91
\c@cnt@Lsig=\count92
\c@cnt@Rsig=\count93
\gt@tocentryskip@value=\skip46
\gt@beforepartskip@value=\skip47
\gt@beforechapskip@value=\skip48
\gt@beforesecskip@value=\skip49
\gt@beforesubsecskip@value=\skip50
\gt@beforesubsubsecskip@value=\skip51
\gt@beforeparaskip@value=\skip52
\gt@beforesubparaskip@value=\skip53
\gt@beforefigskip@value=\skip54
\gt@beforetableskip@value=\skip55
\gt@tmpa=\skip56
\c@part@savepagenum=\count94
\c@part@pagenum=\count95
)
(/opt/local/share/texmf-dist/tex/latex/amsfonts/amsfonts.sty
Package: amsfonts 2001/10/25 v2.2f
\@emptytoks=\toks14
\symAMSa=\mathgroup4
\symAMSb=\mathgroup5
LaTeX Font Info:    Overwriting math alphabet `\mathfrak' in version `bold'
(Font)                  U/euf/m/n --> U/euf/b/n on input line 132.
)
(/opt/local/share/texmf-dist/tex/latex/amsmath/amsmath.sty
Package: amsmath 2000/07/18 v2.13 AMS math features
\@mathmargin=\skip57

For additional information on amsmath, use the `?' option.
(/opt/local/share/texmf-dist/tex/latex/amsmath/amstext.sty
Package: amstext 2000/06/29 v2.01

(/opt/local/share/texmf-dist/tex/latex/amsmath/amsgen.sty
File: amsgen.sty 1999/11/30 v2.0
\@emptytoks=\toks15
\ex@=\dimen105
))
(/opt/local/share/texmf-dist/tex/latex/amsmath/amsbsy.sty
Package: amsbsy 1999/11/29 v1.2d
\pmbraise@=\dimen106
)
(/opt/local/share/texmf-dist/tex/latex/amsmath/amsopn.sty
Package: amsopn 1999/12/14 v2.01 operator names
)
\inf@bad=\count96
LaTeX Info: Redefining \frac on input line 211.
\uproot@=\count97
\leftroot@=\count98
LaTeX Info: Redefining \overline on input line 307.
\classnum@=\count99
\DOTSCASE@=\count100
LaTeX Info: Redefining \ldots on input line 379.
LaTeX Info: Redefining \dots on input line 382.
LaTeX Info: Redefining \cdots on input line 467.
\Mathstrutbox@=\box26
\strutbox@=\box27
\big@size=\dimen107
LaTeX Font Info:    Redeclaring font encoding OML on input line 567.
LaTeX Font Info:    Redeclaring font encoding OMS on input line 568.
\macc@depth=\count101
\c@MaxMatrixCols=\count102
\dotsspace@=\muskip10
\c@parentequation=\count103
\dspbrk@lvl=\count104
\tag@help=\toks16
\row@=\count105
\column@=\count106
\maxfields@=\count107
\andhelp@=\toks17
\eqnshift@=\dimen108
\alignsep@=\dimen109
\tagshift@=\dimen110
\tagwidth@=\dimen111
\totwidth@=\dimen112
\lineht@=\dimen113
\@envbody=\toks18
\multlinegap=\skip58
\multlinetaggap=\skip59
\mathdisplay@stack=\toks19
LaTeX Info: Redefining \[ on input line 2666.
LaTeX Info: Redefining \] on input line 2667.
)
(/opt/local/share/texmf-dist/tex/latex/amsfonts/amssymb.sty
Package: amssymb 2002/01/22 v2.2d
)
(/opt/local/share/texmf-dist/tex/latex/base/latexsym.sty
Package: latexsym 1998/08/17 v2.2e Standard LaTeX package (lasy symbols)
\symlasy=\mathgroup6
LaTeX Font Info:    Overwriting symbol font `lasy' in version `bold'
(Font)                  U/lasy/m/n --> U/lasy/b/n on input line 47.
)
(/opt/local/share/texmf-dist/tex/latex/base/fixltx2e.sty
Package: fixltx2e 2004/02/13 v1.1h fixes to LaTeX
LaTeX Info: Redefining \@fnsymbol on input line 371.
LaTeX Info: Redefining \em on input line 403.
)
(/opt/local/share/texmf-dist/tex/latex/cite/cite.sty
LaTeX Info: Redefining \cite on input line 149.
LaTeX Info: Redefining \nocite on input line 214.
Package: cite 2003/11/04  v 4.01
)
(/opt/local/share/texmf-dist/tex/latex/mdwtools/mdwlist.sty
Package: mdwlist 1996/05/02 1.1 Various list-related things
)
(/opt/local/share/texmf-dist/tex/latex/graphics/color.sty
Package: color 1999/02/16 v1.0i Standard LaTeX Color (DPC)

(/opt/local/share/texmf-dist/tex/latex/graphics/color.cfg
File: color.cfg 2005/02/03 v1.3 color configuration of teTeX/TeXLive
)
Package color Info: Driver file: dvips.def on input line 125.

(/opt/local/share/texmf-dist/tex/latex/graphics/dvips.def
File: dvips.def 1999/02/16 v3.0i Driver-dependant file (DPC,SPQR)
)
(/opt/local/share/texmf-dist/tex/latex/graphics/dvipsnam.def
File: dvipsnam.def 1999/02/16 v3.0i Driver-dependant file (DPC,SPQR)
))
(/opt/local/share/texmf-dist/tex/latex/graphics/graphicx.sty
Package: graphicx 1999/02/16 v1.0f Enhanced LaTeX Graphics (DPC,SPQR)

(/opt/local/share/texmf-dist/tex/latex/graphics/keyval.sty
Package: keyval 1999/03/16 v1.13 key=value parser (DPC)
\KV@toks@=\toks20
)
(/opt/local/share/texmf-dist/tex/latex/graphics/graphics.sty
Package: graphics 2001/07/07 v1.0n Standard LaTeX Graphics (DPC,SPQR)

(/opt/local/share/texmf-dist/tex/latex/graphics/trig.sty
Package: trig 1999/03/16 v1.09 sin cos tan (DPC)
)
(/opt/local/share/texmf-dist/tex/latex/graphics/graphics.cfg
File: graphics.cfg 2005/02/03 v1.3 graphics configuration of teTeX/TeXLive
)
Package graphics Info: Driver file: dvips.def on input line 80.
)
\Gin@req@height=\dimen114
\Gin@req@width=\dimen115
)
(/opt/local/share/texmf-dist/tex/latex/hyperref/hyperref.sty
Package: hyperref 2003/11/30 v6.74m Hypertext links for LaTeX
\@linkdim=\dimen116
\Hy@linkcounter=\count108
\Hy@pagecounter=\count109

(/opt/local/share/texmf-dist/tex/latex/hyperref/pd1enc.def
File: pd1enc.def 2003/11/30 v6.74m Hyperref: PDFDocEncoding definition (HO)
)
(/opt/local/share/texmf-dist/tex/latex/hyperref/hyperref.cfg
File: hyperref.cfg 2002/06/06 v1.2 hyperref configuration of TeXLive and teTeX
)
Package hyperref Info: Option `draft' set `true' on input line 1830.
Package hyperref Info: Option `draft' set `true' on input line 1830.
Package hyperref Info: Hyper figures OFF on input line 1880.
Package hyperref Info: Link nesting OFF on input line 1885.
Package hyperref Info: Hyper index ON on input line 1888.
Package hyperref Info: Plain pages ON on input line 1893.
Package hyperref Info: Backreferencing OFF on input line 1900.

Implicit mode ON; LaTeX internals redefined
Package hyperref Info: Bookmarks ON on input line 2004.
(/opt/local/share/texmf-dist/tex/latex/url/url.sty
\Urlmuskip=\muskip11
Package: url 2004/03/15  ver 3.1  Verb mode for urls, etc.
)
LaTeX Info: Redefining \url on input line 2143.
\Fld@menulength=\count110
\Field@Width=\dimen117
\Fld@charsize=\dimen118
\Choice@toks=\toks21
\Field@toks=\toks22
Package hyperref Info: Hyper figures OFF on input line 2618.
Package hyperref Info: Link nesting OFF on input line 2623.
Package hyperref Info: Hyper index ON on input line 2626.
Package hyperref Info: backreferencing OFF on input line 2633.
Package hyperref Info: Link coloring OFF on input line 2638.
\c@Item=\count111
\c@Hfootnote=\count112
)
*hyperref using default driver hdvips*
(/opt/local/share/texmf-dist/tex/latex/hyperref/hdvips.def
File: hdvips.def 2003/11/30 v6.74m Hyperref driver for dvips

(/opt/local/share/texmf-dist/tex/latex/hyperref/pdfmark.def
File: pdfmark.def 2003/11/30 v6.74m Hyperref definitions for pdfmark specials
\pdf@docset=\toks23
\pdf@box=\box28
\pdf@toks=\toks24
\pdf@defaulttoks=\toks25
\Fld@listcount=\count113
\@outlinefile=\write3
))
(/opt/local/share/texmf-dist/tex/latex/oberdiek/hypcap.sty
Package: hypcap 2001/08/27 v1.3 Adjusting anchors of captions (HO)
)
(/opt/local/share/texmf-dist/tex/latex/subfig/subfig.sty
Package: subfig 2004/01/28 ver: 1.2 subfig package

(/opt/local/share/texmf-dist/tex/latex/caption/caption.sty
Package: caption 2008/08/24 v3.1j Customizing captions (AR)

(/opt/local/share/texmf-dist/tex/latex/caption/caption3.sty
Package: caption3 2008/08/24 v3.1j caption3 kernel (AR)
\captionmargin=\dimen119
\captionmargin@=\dimen120
\captionwidth=\dimen121
\caption@indent=\dimen122
\caption@parindent=\dimen123
\caption@hangindent=\dimen124
Package caption Info: Unknown document class (or package),
(caption)             standard defaults will be used on input line 1027.
)

Package caption Warning: Unsupported document class (or package) detected,
(caption)                usage of the caption package is not recommended.
See the caption package documentation for explanation.

Package caption Info: \@makecaption = \long macro:#1#2->\vskip \abovecaptionski
p \sbox \@tempboxa {\textbf {#1: }#2}\ifdim \wd \@tempboxa >\hsize \textbf {#1:
 }#2\par \else \global \@minipagefalse \hb@xt@ \hsize {\hfil \box \@tempboxa \h
fil }\fi \vskip \belowcaptionskip .
\c@ContinuedFloat=\count114
Package caption Info: hyperref package is loaded.
Package caption Info: hypcap package is loaded.
)
\c@KVtest=\count115
\sf@farskip=\skip60
\sf@captopadj=\dimen125
\sf@capskip=\skip61
\sf@nearskip=\skip62
\c@subfigure=\count116
\c@subfigure@save=\count117
\c@lofdepth=\count118
\c@subtable=\count119
\c@subtable@save=\count120
\c@lotdepth=\count121
\sf@top=\skip63
\sf@bottom=\skip64
)

Package hyperref Warning: Option `bookmarks' has already been used,
(hyperref)                setting the option has no effect on input line 64.

(/opt/local/share/texmf-dist/tex/latex/algorithms/algorithm.sty
Package: algorithm 

Document Style `algorithm' - floating environment
(/opt/local/share/texmf-dist/tex/latex/float/float.sty
Package: float 2001/11/08 v1.3d Float enhancements (AL)
\c@float@type=\count122
\float@exts=\toks26
\float@box=\box29
\@float@everytoks=\toks27
\@floatcapt=\box30
)
(/opt/local/share/texmf-dist/tex/latex/base/ifthen.sty
Package: ifthen 2001/05/26 v1.1c Standard LaTeX ifthen package (DPC)
)
\@float@every@algorithm=\toks28
\c@algorithm=\count123
)
(/opt/local/share/texmf-dist/tex/latex/algorithms/algorithmic.sty
Package: algorithmic 

Document Style `algorithmic' - environment
\c@ALC@line=\count124
\c@ALC@rem=\count125
\c@ALC@depth=\count126
\ALC@tlm=\skip65
) (/opt/local/share/texmf-dist/tex/latex/tools/xspace.sty
Package: xspace 1997/10/13 v1.06 Space after command names (DPC)
) (./malcolm_diss.aux)
\openout1 = `malcolm_diss.aux'.

LaTeX Font Info:    Checking defaults for OML/cmm/m/it on input line 138.
LaTeX Font Info:    ... okay on input line 138.
LaTeX Font Info:    Checking defaults for T1/cmr/m/n on input line 138.
LaTeX Font Info:    ... okay on input line 138.
LaTeX Font Info:    Checking defaults for OT1/cmr/m/n on input line 138.
LaTeX Font Info:    ... okay on input line 138.
LaTeX Font Info:    Checking defaults for OMS/cmsy/m/n on input line 138.
LaTeX Font Info:    ... okay on input line 138.
LaTeX Font Info:    Checking defaults for OMX/cmex/m/n on input line 138.
LaTeX Font Info:    ... okay on input line 138.
LaTeX Font Info:    Checking defaults for U/cmr/m/n on input line 138.
LaTeX Font Info:    ... okay on input line 138.
LaTeX Font Info:    Checking defaults for PD1/pdf/m/n on input line 138.
LaTeX Font Info:    ... okay on input line 138.

Package hyperref Warning:  draft mode on.

Package hyperref Info: Link coloring OFF on input line 138.
(/opt/local/share/texmf-dist/tex/latex/hyperref/nameref.sty
Package: nameref 2003/12/03 v2.21 Cross-referencing by name of section
\c@section@level=\count127
)
LaTeX Info: Redefining \ref on input line 138.
LaTeX Info: Redefining \pageref on input line 138.
Package caption Info: Begin \AtBeginDocument code.
Package caption3 Info: subfig package 1.2 or 1.3 is loaded.
LaTeX Info: Redefining \subref on input line 138.
Package caption Info: float package is loaded.
Package caption Info: End \AtBeginDocument code.

Underfull \hbox (badness 10000) has occurred while \output is active
 
 []


Underfull \hbox (badness 10000) has occurred while \output is active
 
 []

[1

]
SIGNATURES: 6
\c@halfsig=\count128
LEFTCNT: 2 HALF: 3
LaTeX Font Info:    Try loading font information for U+msa on input line 143.
(/opt/local/share/texmf-dist/tex/latex/amsfonts/umsa.fd
File: umsa.fd 2002/01/19 v2.2g AMS font definitions
)
LaTeX Font Info:    Try loading font information for U+msb on input line 143.

(/opt/local/share/texmf-dist/tex/latex/amsfonts/umsb.fd
File: umsb.fd 2002/01/19 v2.2g AMS font definitions
)
LaTeX Font Info:    Try loading font information for U+lasy on input line 143.

(/opt/local/share/texmf-dist/tex/latex/base/ulasy.fd
File: ulasy.fd 1998/08/17 v2.2e LaTeX symbol font definitions
)
Underfull \hbox (badness 10000) has occurred while \output is active
 
 []


Underfull \hbox (badness 10000) has occurred while \output is active
 
 []

[2

] (./malcolm_diss.toc [3


] [4])
\tf@toc=\write4
\openout4 = `malcolm_diss.toc'.

 [5] (./malcolm_diss.lot)
\tf@lot=\write5
\openout5 = `malcolm_diss.lot'.

 [6


]
(./malcolm_diss.lof [7


] [8] [9])
\tf@lof=\write6
\openout6 = `malcolm_diss.lof'.

 [10] [11]
***************** Summary ******************
[12


]
CHAPTER I.
File: /Users/malcolm/Dropbox/malcolm-rathi-westin/chapter/figures/roi.eps Graph
ic file (type eps)
</Users/malcolm/Dropbox/malcolm-rathi-westin/chapter/figures/roi.eps>
File: /Users/malcolm/Dropbox/malcolm-rathi-westin/chapter/figures/signal.eps Gr
aphic file (type eps)

</Users/malcolm/Dropbox/malcolm-rathi-westin/chapter/figures/signal.eps>
File: /Users/malcolm/Dropbox/malcolm-rathi-westin/chapter/figures/odf_1t.eps Gr
aphic file (type eps)

</Users/malcolm/Dropbox/malcolm-rathi-westin/chapter/figures/odf_1t.eps>
Overfull \hbox (7.29997pt too wide) in paragraph at lines 195--198
 [][][][] 
 []

File: /Users/malcolm/Dropbox/malcolm-rathi-westin/chapter/figures/odf_2t_axes_c
p.eps Graphic file (type eps)

</Users/malcolm/Dropbox/malcolm-rathi-westin/chapter/figures/odf_2t_axes_cp.eps
>
File: /Users/malcolm/Dropbox/malcolm-rathi-westin/chapter/figures/odf_sh_signal
.eps Graphic file (type eps)

</Users/malcolm/Dropbox/malcolm-rathi-westin/chapter/figures/odf_sh_signal.eps>

Overfull \hbox (7.29997pt too wide) in paragraph at lines 200--210
 [][][][] 
 []

File: /Users/malcolm/junk/writeups/fibers/figs/tensor_NI/case01045_2T_half_fa.e
ps Graphic file (type eps)
</Users/malcolm/junk/writeups/fibers/figs/tensor_NI/case01045_2T_half_fa.eps>
[1

] [2] [3] [4] [5]
File: /Users/malcolm/junk/writeups/fibers/figs/tensor_NI/case01045_1T_tc.eps Gr
aphic file (type eps)

</Users/malcolm/junk/writeups/fibers/figs/tensor_NI/case01045_1T_tc.eps>
File: /Users/malcolm/junk/writeups/fibers/figs/tensor_NI/case01045_2T_tc.eps Gr
aphic file (type eps)

</Users/malcolm/junk/writeups/fibers/figs/tensor_NI/case01045_2T_tc.eps>
[6] [7] [8] [9]
File: /Users/malcolm/Dropbox/malcolm-rathi-westin/chapter/figures/CORPUS_initia
l.eps Graphic file (type eps)

</Users/malcolm/Dropbox/malcolm-rathi-westin/chapter/figures/CORPUS_initial.eps
>
File: /Users/malcolm/Dropbox/malcolm-rathi-westin/chapter/figures/CORPUS_euclid
ean.eps Graphic file (type eps)

</Users/malcolm/Dropbox/malcolm-rathi-westin/chapter/figures/CORPUS_euclidean.e
ps>
File: /Users/malcolm/Dropbox/malcolm-rathi-westin/chapter/figures/CORPUS_final.
eps Graphic file (type eps)

</Users/malcolm/Dropbox/malcolm-rathi-westin/chapter/figures/CORPUS_final.eps>
Overfull \hbox (2.96613pt too wide) in paragraph at lines 726--737
 [][][][][][] 
 []

[10]
File: /Users/malcolm/Dropbox/malcolm-rathi-westin/chapter/figures/case01045_1t_
rh_ext.eps Graphic file (type eps)

</Users/malcolm/Dropbox/malcolm-rathi-westin/chapter/figures/case01045_1t_rh_ex
t.eps>
File: /Users/malcolm/Dropbox/malcolm-rathi-westin/chapter/figures/case01045_1t_
rh_int.eps Graphic file (type eps)

</Users/malcolm/Dropbox/malcolm-rathi-westin/chapter/figures/case01045_1t_rh_in
t.eps>
File: /Users/malcolm/Dropbox/malcolm-rathi-westin/chapter/figures/case01045_1t_
fo_fl_side.eps Graphic file (type eps)

</Users/malcolm/Dropbox/malcolm-rathi-westin/chapter/figures/case01045_1t_fo_fl
_side.eps>
File: /Users/malcolm/Dropbox/malcolm-rathi-westin/chapter/figures/case01045_1t_
fo_fl_top.eps Graphic file (type eps)

</Users/malcolm/Dropbox/malcolm-rathi-westin/chapter/figures/case01045_1t_fo_fl
_top.eps>
File: /Users/malcolm/Dropbox/malcolm-rathi-westin/chapter/figures/case01045_1t_
fo_ex_side.eps Graphic file (type eps)

</Users/malcolm/Dropbox/malcolm-rathi-westin/chapter/figures/case01045_1t_fo_ex
_side.eps>
File: /Users/malcolm/Dropbox/malcolm-rathi-westin/chapter/figures/case01045_1t_
fo_ex_top.eps Graphic file (type eps)

</Users/malcolm/Dropbox/malcolm-rathi-westin/chapter/figures/case01045_1t_fo_ex
_top.eps> [11]
File: /Users/malcolm/Dropbox/malcolm-rathi-westin/chapter/figures/case01045_con
nections_320.eps Graphic file (type eps)

</Users/malcolm/Dropbox/malcolm-rathi-westin/chapter/figures/case01045_connecti
ons_320.eps>
File: /Users/malcolm/junk/writeups/fibers/figs/miccai_study/case01026_03_ds.eps
 Graphic file (type eps)

</Users/malcolm/junk/writeups/fibers/figs/miccai_study/case01026_03_ds.eps>
[12] [13] [14] [15] [16] [17] [18]
CHAPTER II.
(/Users/malcolm/junk/writeups/fibers/figs/ukf/ukf.pstex_t
File: /Users/malcolm/junk/writeups/fibers/figs/ukf/ukf.pstex Graphic file (type
 eps)

</Users/malcolm/junk/writeups/fibers/figs/ukf/ukf.pstex>) [19

]
File: /Users/malcolm/junk/writeups/fibers/figs/watson_response/case01045_1T_tc_
sweet.eps Graphic file (type eps)

</Users/malcolm/junk/writeups/fibers/figs/watson_response/case01045_1T_tc_sweet
.eps>
File: /Users/malcolm/junk/writeups/fibers/figs/watson_response/case01045_2W_tc_
sweet.eps Graphic file (type eps)

</Users/malcolm/junk/writeups/fibers/figs/watson_response/case01045_2W_tc_sweet
.eps> [20] [21] [22]
File: /Users/malcolm/junk/writeups/fibers/figs/watson/watson_strong.eps Graphic
 file (type eps)

</Users/malcolm/junk/writeups/fibers/figs/watson/watson_strong.eps>
File: /Users/malcolm/junk/writeups/fibers/figs/watson/watson_weak.eps Graphic f
ile (type eps)

</Users/malcolm/junk/writeups/fibers/figs/watson/watson_weak.eps>
File: /Users/malcolm/junk/writeups/fibers/figs/watson/watson_iso.eps Graphic fi
le (type eps)

</Users/malcolm/junk/writeups/fibers/figs/watson/watson_iso.eps>
File: /Users/malcolm/junk/writeups/fibers/figs/watson/watson_two.eps Graphic fi
le (type eps)

</Users/malcolm/junk/writeups/fibers/figs/watson/watson_two.eps>
File: /Users/malcolm/junk/writeups/fibers/figs/watson/watson_three.eps Graphic 
file (type eps)

</Users/malcolm/junk/writeups/fibers/figs/watson/watson_three.eps> [23]
[24] [25] [26]
Package hyperref Info: bookmark level for unknown algorithm defaults to 0 on in
put line 1382.
 [27] [28]
CHAPTER III.
File: /Users/malcolm/junk/writeups/fibers/figs/tensor_NI/zoom_2T_b1000_fiber.ep
s Graphic file (type eps)
</Users/malcolm/junk/writeups/fibers/figs/tensor_NI/zoom_2T_b1000_fiber.eps>
Underfull \hbox (badness 1019) in paragraph at lines 1475--1475
[]\OT1/cmr/m/n/9 (a) |Fiber pass-ing through 60$[]$ syn-thetic
 []

File: /Users/malcolm/junk/writeups/fibers/figs/tensor_NI/zoom_2T_b1000_zoom.eps
 Graphic file (type eps)
</Users/malcolm/junk/writeups/fibers/figs/tensor_NI/zoom_2T_b1000_zoom.eps>
File: /Users/malcolm/junk/writeups/fibers/figs/tensor_TMI/angle_w_2T_b1000_1.ep
s Graphic file (type eps)

</Users/malcolm/junk/writeups/fibers/figs/tensor_TMI/angle_w_2T_b1000_1.eps>
File: /Users/malcolm/junk/writeups/fibers/figs/tensor_TMI/angle_w_2T_b1000_2.ep
s Graphic file (type eps)

</Users/malcolm/junk/writeups/fibers/figs/tensor_TMI/angle_w_2T_b1000_2.eps>
File: /Users/malcolm/junk/writeups/fibers/figs/tensor_TMI/angle_w_2T_b1000_3.ep
s Graphic file (type eps)

</Users/malcolm/junk/writeups/fibers/figs/tensor_TMI/angle_w_2T_b1000_3.eps>
Overfull \hbox (3.65pt too wide) in paragraph at lines 1521--1522
 [][] 
 []

File: /Users/malcolm/junk/writeups/fibers/figs/tensor_TMI/lambda_b1000_w50_t00.
eps Graphic file (type eps)

</Users/malcolm/junk/writeups/fibers/figs/tensor_TMI/lambda_b1000_w50_t00.eps>
File: /Users/malcolm/junk/writeups/fibers/figs/tensor_TMI/lambda_b1000_w60_t00.
eps Graphic file (type eps)

</Users/malcolm/junk/writeups/fibers/figs/tensor_TMI/lambda_b1000_w60_t00.eps>
File: /Users/malcolm/junk/writeups/fibers/figs/tensor_TMI/lambda_b1000_w70_t00.
eps Graphic file (type eps)

</Users/malcolm/junk/writeups/fibers/figs/tensor_TMI/lambda_b1000_w70_t00.eps>
File: /Users/malcolm/junk/writeups/fibers/figs/tensor_TMI/lambda_b1000_w50_t45.
eps Graphic file (type eps)

</Users/malcolm/junk/writeups/fibers/figs/tensor_TMI/lambda_b1000_w50_t45.eps>
File: /Users/malcolm/junk/writeups/fibers/figs/tensor_TMI/lambda_b1000_w60_t45.
eps Graphic file (type eps)

</Users/malcolm/junk/writeups/fibers/figs/tensor_TMI/lambda_b1000_w60_t45.eps>
File: /Users/malcolm/junk/writeups/fibers/figs/tensor_TMI/lambda_b1000_w70_t45.
eps Graphic file (type eps)

</Users/malcolm/junk/writeups/fibers/figs/tensor_TMI/lambda_b1000_w70_t45.eps>
File: /Users/malcolm/junk/writeups/fibers/figs/tensor_TMI/lambda_b1000_w50_t90.
eps Graphic file (type eps)

</Users/malcolm/junk/writeups/fibers/figs/tensor_TMI/lambda_b1000_w50_t90.eps>
File: /Users/malcolm/junk/writeups/fibers/figs/tensor_TMI/lambda_b1000_w60_t90.
eps Graphic file (type eps)

</Users/malcolm/junk/writeups/fibers/figs/tensor_TMI/lambda_b1000_w60_t90.eps>
File: /Users/malcolm/junk/writeups/fibers/figs/tensor_TMI/lambda_b1000_w70_t90.
eps Graphic file (type eps)

</Users/malcolm/junk/writeups/fibers/figs/tensor_TMI/lambda_b1000_w70_t90.eps>
[29

] [30] [31]
File: /Users/malcolm/junk/writeups/fibers/figs/tensor_NI/angle_3T_b1000_SH_clea
n.eps Graphic file (type eps)

</Users/malcolm/junk/writeups/fibers/figs/tensor_NI/angle_3T_b1000_SH_clean.eps
>
File: /Users/malcolm/junk/writeups/fibers/figs/tensor_NI/angle_3T_b1000_SH_dirt
y.eps Graphic file (type eps)

</Users/malcolm/junk/writeups/fibers/figs/tensor_NI/angle_3T_b1000_SH_dirty.eps
>
File: /Users/malcolm/junk/writeups/fibers/figs/tensor_NI/case01045_1T_tc.eps Gr
aphic file (type eps)
 </Users/malcolm/junk/writeups/fibers/figs/tensor_NI/case01045_1T_tc.eps>
File: /Users/malcolm/junk/writeups/fibers/figs/tensor_NI/case01045_SH_tc.eps Gr
aphic file (type eps)

</Users/malcolm/junk/writeups/fibers/figs/tensor_NI/case01045_SH_tc.eps>
File: /Users/malcolm/junk/writeups/fibers/figs/tensor_TMI/case01045_LMi_tc.eps 
Graphic file (type eps)

</Users/malcolm/junk/writeups/fibers/figs/tensor_TMI/case01045_LMi_tc.eps>
File: /Users/malcolm/junk/writeups/fibers/figs/tensor_TMI/case01045_LMc_tc.eps 
Graphic file (type eps)

</Users/malcolm/junk/writeups/fibers/figs/tensor_TMI/case01045_LMc_tc.eps>
File: /Users/malcolm/junk/writeups/fibers/figs/tensor_NI/case01045_2T_tc.eps Gr
aphic file (type eps)

</Users/malcolm/junk/writeups/fibers/figs/tensor_NI/case01045_2T_tc.eps>
File: /Users/malcolm/junk/writeups/fibers/figs/tensor_NI/case01045_3T_tc.eps Gr
aphic file (type eps)

</Users/malcolm/junk/writeups/fibers/figs/tensor_NI/case01045_3T_tc.eps>
[32] [33]
File: /Users/malcolm/junk/writeups/fibers/figs/tensor_TMI/case01045_DT_cc_top.e
ps Graphic file (type eps)

</Users/malcolm/junk/writeups/fibers/figs/tensor_TMI/case01045_DT_cc_top.eps>
File: /Users/malcolm/junk/writeups/fibers/figs/tensor_TMI/case01045_DT_cc_front
.eps Graphic file (type eps)

</Users/malcolm/junk/writeups/fibers/figs/tensor_TMI/case01045_DT_cc_front.eps>
File: /Users/malcolm/junk/writeups/fibers/figs/tensor_TMI/case01045_SH_cc_top.e
ps Graphic file (type eps)
</Users/malcolm/junk/writeups/fibers/figs/tensor_TMI/case01045_SH_cc_top.eps>
File: /Users/malcolm/junk/writeups/fibers/figs/tensor_TMI/case01045_SH_cc_front
.eps Graphic file (type eps)

</Users/malcolm/junk/writeups/fibers/figs/tensor_TMI/case01045_SH_cc_front.eps>
File: /Users/malcolm/junk/writeups/fibers/figs/tensor_TMI/case01045_2T_cc_top.e
ps Graphic file (type eps)
</Users/malcolm/junk/writeups/fibers/figs/tensor_TMI/case01045_2T_cc_top.eps>
File: /Users/malcolm/junk/writeups/fibers/figs/tensor_TMI/case01045_2T_cc_front
.eps Graphic file (type eps)

</Users/malcolm/junk/writeups/fibers/figs/tensor_TMI/case01045_2T_cc_front.eps>
[34]
File: /Users/malcolm/junk/writeups/fibers/videos/2T_cc_ic_zoom/000018.eps Graph
ic file (type eps)
 </Users/malcolm/junk/writeups/fibers/videos/2T_cc_ic_zoom/000018.eps>
File: /Users/malcolm/junk/writeups/fibers/videos/2T_cc_ic_zoom/000021.eps Graph
ic file (type eps)

</Users/malcolm/junk/writeups/fibers/videos/2T_cc_ic_zoom/000021.eps>
File: /Users/malcolm/junk/writeups/fibers/videos/2T_cc_ic_zoom/000024.eps Graph
ic file (type eps)

</Users/malcolm/junk/writeups/fibers/videos/2T_cc_ic_zoom/000024.eps>
File: /Users/malcolm/junk/writeups/fibers/videos/2T_cc_ic_zoom/000027.eps Graph
ic file (type eps)

</Users/malcolm/junk/writeups/fibers/videos/2T_cc_ic_zoom/000027.eps>
File: /Users/malcolm/junk/writeups/fibers/videos/2T_cc_ic_zoom/000035.eps Graph
ic file (type eps)

</Users/malcolm/junk/writeups/fibers/videos/2T_cc_ic_zoom/000035.eps>
File: /Users/malcolm/junk/writeups/fibers/figs/tensor_NI/3cross_context.eps Gra
phic file (type eps)

</Users/malcolm/junk/writeups/fibers/figs/tensor_NI/3cross_context.eps>
File: /Users/malcolm/junk/writeups/fibers/figs/tensor_NI/3cross.eps Graphic fil
e (type eps)

</Users/malcolm/junk/writeups/fibers/figs/tensor_NI/3cross.eps> [35] [36]
File: /Users/malcolm/junk/writeups/fibers/figs/tensor_TMI/case01045_slf_LM_roi.
eps Graphic file (type eps)

</Users/malcolm/junk/writeups/fibers/figs/tensor_TMI/case01045_slf_LM_roi.eps>
File: /Users/malcolm/junk/writeups/fibers/figs/tensor_TMI/case01045_slf_LM_roi_
front.eps Graphic file (type eps)

</Users/malcolm/junk/writeups/fibers/figs/tensor_TMI/case01045_slf_LM_roi_front
.eps>
File: /Users/malcolm/junk/writeups/fibers/figs/tensor_TMI/case01045_slf_2T_roi.
eps Graphic file (type eps)

</Users/malcolm/junk/writeups/fibers/figs/tensor_TMI/case01045_slf_2T_roi.eps>
File: /Users/malcolm/junk/writeups/fibers/figs/tensor_TMI/case01045_slf_2T_roi_
front.eps Graphic file (type eps)

</Users/malcolm/junk/writeups/fibers/figs/tensor_TMI/case01045_slf_2T_roi_front
.eps>
File: /Users/malcolm/junk/writeups/fibers/figs/tensor_TMI/case01045_cing_DT.eps
 Graphic file (type eps)

</Users/malcolm/junk/writeups/fibers/figs/tensor_TMI/case01045_cing_DT.eps>
File: /Users/malcolm/junk/writeups/fibers/figs/tensor_TMI/case01045_cing_LM.eps
 Graphic file (type eps)

</Users/malcolm/junk/writeups/fibers/figs/tensor_TMI/case01045_cing_LM.eps>
File: /Users/malcolm/junk/writeups/fibers/figs/tensor_TMI/case01045_cing_SH.eps
 Graphic file (type eps)

</Users/malcolm/junk/writeups/fibers/figs/tensor_TMI/case01045_cing_SH.eps>
File: /Users/malcolm/junk/writeups/fibers/figs/tensor_TMI/case01045_cing_1T.eps
 Graphic file (type eps)

</Users/malcolm/junk/writeups/fibers/figs/tensor_TMI/case01045_cing_1T.eps>
File: /Users/malcolm/junk/writeups/fibers/figs/tensor_TMI/case01045_cing_2T.eps
 Graphic file (type eps)

</Users/malcolm/junk/writeups/fibers/figs/tensor_TMI/case01045_cing_2T.eps>
File: /Users/malcolm/junk/writeups/fibers/figs/tensor_TMI/case01045_ioff_DT.eps
 Graphic file (type eps)

</Users/malcolm/junk/writeups/fibers/figs/tensor_TMI/case01045_ioff_DT.eps>
File: /Users/malcolm/junk/writeups/fibers/figs/tensor_TMI/case01045_ioff_LM.eps
 Graphic file (type eps)

</Users/malcolm/junk/writeups/fibers/figs/tensor_TMI/case01045_ioff_LM.eps>
File: /Users/malcolm/junk/writeups/fibers/figs/tensor_TMI/case01045_ioff_SH.eps
 Graphic file (type eps)

</Users/malcolm/junk/writeups/fibers/figs/tensor_TMI/case01045_ioff_SH.eps>
File: /Users/malcolm/junk/writeups/fibers/figs/tensor_TMI/case01045_ioff_1T.eps
 Graphic file (type eps)

</Users/malcolm/junk/writeups/fibers/figs/tensor_TMI/case01045_ioff_1T.eps>
File: /Users/malcolm/junk/writeups/fibers/figs/tensor_TMI/case01045_ioff_2T.eps
 Graphic file (type eps)

</Users/malcolm/junk/writeups/fibers/figs/tensor_TMI/case01045_ioff_2T.eps>
File: /Users/malcolm/junk/writeups/fibers/figs/tensor_TMI/case01045_ioff_DT_top
.eps Graphic file (type eps)

</Users/malcolm/junk/writeups/fibers/figs/tensor_TMI/case01045_ioff_DT_top.eps>
File: /Users/malcolm/junk/writeups/fibers/figs/tensor_TMI/case01045_ioff_LM_top
.eps Graphic file (type eps)

</Users/malcolm/junk/writeups/fibers/figs/tensor_TMI/case01045_ioff_LM_top.eps>
File: /Users/malcolm/junk/writeups/fibers/figs/tensor_TMI/case01045_ioff_SH_top
.eps Graphic file (type eps)

</Users/malcolm/junk/writeups/fibers/figs/tensor_TMI/case01045_ioff_SH_top.eps>
File: /Users/malcolm/junk/writeups/fibers/figs/tensor_TMI/case01045_ioff_1T_top
.eps Graphic file (type eps)

</Users/malcolm/junk/writeups/fibers/figs/tensor_TMI/case01045_ioff_1T_top.eps>
File: /Users/malcolm/junk/writeups/fibers/figs/tensor_TMI/case01045_ioff_2T_top
.eps Graphic file (type eps)

</Users/malcolm/junk/writeups/fibers/figs/tensor_TMI/case01045_ioff_2T_top.eps>
[37] [38]
File: /Users/malcolm/junk/writeups/fibers/figs/watson/mse_2W_b1000_clean.eps Gr
aphic file (type eps)

</Users/malcolm/junk/writeups/fibers/figs/watson/mse_2W_b1000_clean.eps>
File: /Users/malcolm/junk/writeups/fibers/figs/watson/mse_2W_b1000_dirty.eps Gr
aphic file (type eps)

</Users/malcolm/junk/writeups/fibers/figs/watson/mse_2W_b1000_dirty.eps>
File: /Users/malcolm/junk/writeups/fibers/figs/watson/mse_2W_b3000_clean.eps Gr
aphic file (type eps)

</Users/malcolm/junk/writeups/fibers/figs/watson/mse_2W_b3000_clean.eps>
File: /Users/malcolm/junk/writeups/fibers/figs/watson/mse_2W_b3000_dirty.eps Gr
aphic file (type eps)

</Users/malcolm/junk/writeups/fibers/figs/watson/mse_2W_b3000_dirty.eps>
File: /Users/malcolm/junk/writeups/fibers/figs/watson/angle_2W_b1000_PP_clean.e
ps Graphic file (type eps)

</Users/malcolm/junk/writeups/fibers/figs/watson/angle_2W_b1000_PP_clean.eps>
File: /Users/malcolm/junk/writeups/fibers/figs/watson/angle_2W_b1000_PP_dirty.e
ps Graphic file (type eps)

</Users/malcolm/junk/writeups/fibers/figs/watson/angle_2W_b1000_PP_dirty.eps>
File: /Users/malcolm/junk/writeups/fibers/figs/watson/angle_2W_b3000_PP_clean.e
ps Graphic file (type eps)

</Users/malcolm/junk/writeups/fibers/figs/watson/angle_2W_b3000_PP_clean.eps>
File: /Users/malcolm/junk/writeups/fibers/figs/watson/angle_2W_b3000_PP_dirty.e
ps Graphic file (type eps)

</Users/malcolm/junk/writeups/fibers/figs/watson/angle_2W_b3000_PP_dirty.eps>
File: /Users/malcolm/junk/writeups/fibers/figs/watson/angle_2W_b1000_SH_clean.e
ps Graphic file (type eps)

</Users/malcolm/junk/writeups/fibers/figs/watson/angle_2W_b1000_SH_clean.eps>
File: /Users/malcolm/junk/writeups/fibers/figs/watson/angle_2W_b1000_SH_dirty.e
ps Graphic file (type eps)

</Users/malcolm/junk/writeups/fibers/figs/watson/angle_2W_b1000_SH_dirty.eps>
File: /Users/malcolm/junk/writeups/fibers/figs/watson/angle_2W_b3000_SH_clean.e
ps Graphic file (type eps)

</Users/malcolm/junk/writeups/fibers/figs/watson/angle_2W_b3000_SH_clean.eps>
File: /Users/malcolm/junk/writeups/fibers/figs/watson/angle_2W_b3000_SH_dirty.e
ps Graphic file (type eps)

</Users/malcolm/junk/writeups/fibers/figs/watson/angle_2W_b3000_SH_dirty.eps>
File: /Users/malcolm/junk/writeups/fibers/figs/tensor_NI/case01045_1T_tc.eps Gr
aphic file (type eps)

</Users/malcolm/junk/writeups/fibers/figs/tensor_NI/case01045_1T_tc.eps>
File: /Users/malcolm/junk/writeups/fibers/figs/tensor_NI/case01045_SH_tc.eps Gr
aphic file (type eps)

</Users/malcolm/junk/writeups/fibers/figs/tensor_NI/case01045_SH_tc.eps>
File: /Users/malcolm/junk/writeups/fibers/figs/watson/case01045_2W_tc.eps Graph
ic file (type eps)

</Users/malcolm/junk/writeups/fibers/figs/watson/case01045_2W_tc.eps>
File: /Users/malcolm/junk/writeups/fibers/figs/watson/case01045_3W_tc.eps Graph
ic file (type eps)

</Users/malcolm/junk/writeups/fibers/figs/watson/case01045_3W_tc.eps>
File: /Users/malcolm/junk/writeups/fibers/figs/watson/case01045_2W_tc_zoom.eps 
Graphic file (type eps)

</Users/malcolm/junk/writeups/fibers/figs/watson/case01045_2W_tc_zoom.eps>
File: /Users/malcolm/junk/writeups/fibers/figs/watson/case01045_3W_tc_zoom.eps 
Graphic file (type eps)

</Users/malcolm/junk/writeups/fibers/figs/watson/case01045_3W_tc_zoom.eps>
File: /Users/malcolm/junk/writeups/fibers/figs/watson/case01045_2W_cc_zoom.eps 
Graphic file (type eps)

</Users/malcolm/junk/writeups/fibers/figs/watson/case01045_2W_cc_zoom.eps>
File: /Users/malcolm/junk/writeups/fibers/figs/watson/case01045_3W_cc_zoom.eps 
Graphic file (type eps)

</Users/malcolm/junk/writeups/fibers/figs/watson/case01045_3W_cc_zoom.eps>
File: /Users/malcolm/junk/writeups/fibers/figs/tensor_NI/case01045_1T_ic_front.
eps Graphic file (type eps)

</Users/malcolm/junk/writeups/fibers/figs/tensor_NI/case01045_1T_ic_front.eps>
File: /Users/malcolm/junk/writeups/fibers/figs/tensor_NI/case01045_SH_ic_front.
eps Graphic file (type eps)

</Users/malcolm/junk/writeups/fibers/figs/tensor_NI/case01045_SH_ic_front.eps>
File: /Users/malcolm/junk/writeups/fibers/figs/watson/case01045_2W_ic_front.eps
 Graphic file (type eps)

</Users/malcolm/junk/writeups/fibers/figs/watson/case01045_2W_ic_front.eps>
File: /Users/malcolm/junk/writeups/fibers/figs/watson/case01045_3W_ic_front.eps
 Graphic file (type eps)

</Users/malcolm/junk/writeups/fibers/figs/watson/case01045_3W_ic_front.eps>
File: /Users/malcolm/junk/writeups/fibers/figs/tensor_NI/case01045_1T_ic_top.ep
s Graphic file (type eps)

</Users/malcolm/junk/writeups/fibers/figs/tensor_NI/case01045_1T_ic_top.eps>
File: /Users/malcolm/junk/writeups/fibers/figs/tensor_NI/case01045_SH_ic_top.ep
s Graphic file (type eps)

</Users/malcolm/junk/writeups/fibers/figs/tensor_NI/case01045_SH_ic_top.eps>
File: /Users/malcolm/junk/writeups/fibers/figs/watson/case01045_2W_ic_top.eps G
raphic file (type eps)

</Users/malcolm/junk/writeups/fibers/figs/watson/case01045_2W_ic_top.eps>
File: /Users/malcolm/junk/writeups/fibers/figs/watson/case01045_3W_ic_top.eps G
raphic file (type eps)

</Users/malcolm/junk/writeups/fibers/figs/watson/case01045_3W_ic_top.eps>
File: /Users/malcolm/junk/writeups/fibers/figs/watson/case01045_1T_ic_left.eps 
Graphic file (type eps)

</Users/malcolm/junk/writeups/fibers/figs/watson/case01045_1T_ic_left.eps>
File: /Users/malcolm/junk/writeups/fibers/figs/watson/case01045_SH_ic_left.eps 
Graphic file (type eps)

</Users/malcolm/junk/writeups/fibers/figs/watson/case01045_SH_ic_left.eps>
File: /Users/malcolm/junk/writeups/fibers/figs/watson/case01045_2W_ic_left.eps 
Graphic file (type eps)

</Users/malcolm/junk/writeups/fibers/figs/watson/case01045_2W_ic_left.eps>
File: /Users/malcolm/junk/writeups/fibers/figs/watson/case01045_3W_ic_left.eps 
Graphic file (type eps)

</Users/malcolm/junk/writeups/fibers/figs/watson/case01045_3W_ic_left.eps>
[39] [40] [41] [42] [43] [44] [45] [46] [47] [48] [49] [50] [51] [52] [53]
[54]
File: /Users/malcolm/junk/writeups/fibers/figs/tensor_NI/case01045_1T_cc_top.ep
s Graphic file (type eps)

</Users/malcolm/junk/writeups/fibers/figs/tensor_NI/case01045_1T_cc_top.eps>
File: /Users/malcolm/junk/writeups/fibers/figs/tensor_NI/case01045_1T_cc_front.
eps Graphic file (type eps)

</Users/malcolm/junk/writeups/fibers/figs/tensor_NI/case01045_1T_cc_front.eps>
File: /Users/malcolm/junk/writeups/fibers/figs/tensor_TMI/case01045_SH_cc_top.e
ps Graphic file (type eps)

</Users/malcolm/junk/writeups/fibers/figs/tensor_TMI/case01045_SH_cc_top.eps>
File: /Users/malcolm/junk/writeups/fibers/figs/tensor_TMI/case01045_SH_cc_front
.eps Graphic file (type eps)

</Users/malcolm/junk/writeups/fibers/figs/tensor_TMI/case01045_SH_cc_front.eps>
File: /Users/malcolm/junk/writeups/fibers/figs/watson/case01045_2W_cc_top.eps G
raphic file (type eps)
</Users/malcolm/junk/writeups/fibers/figs/watson/case01045_2W_cc_top.eps>
File: /Users/malcolm/junk/writeups/fibers/figs/watson/case01045_2W_cc_front.eps
 Graphic file (type eps)

</Users/malcolm/junk/writeups/fibers/figs/watson/case01045_2W_cc_front.eps>
File: /Users/malcolm/junk/writeups/fibers/figs/watson/case01045_3W_cc_top.eps G
raphic file (type eps)

</Users/malcolm/junk/writeups/fibers/figs/watson/case01045_3W_cc_top.eps>
File: /Users/malcolm/junk/writeups/fibers/figs/watson/case01045_3W_cc_front.eps
 Graphic file (type eps)

</Users/malcolm/junk/writeups/fibers/figs/watson/case01045_3W_cc_front.eps>
[55]
CHAPTER IV.
[56


] [57] [58]
File: /Users/malcolm/junk/writeups/fibers/figs/miccai_2TW/detection_2TW_b1000_d
irty_1.eps Graphic file (type eps)

</Users/malcolm/junk/writeups/fibers/figs/miccai_2TW/detection_2TW_b1000_dirty_
1.eps>
File: /Users/malcolm/junk/writeups/fibers/figs/miccai_2TW/angle_2TW_b1000_dirty
_SH_1.eps Graphic file (type eps)

</Users/malcolm/junk/writeups/fibers/figs/miccai_2TW/angle_2TW_b1000_dirty_SH_1
.eps>
File: /Users/malcolm/junk/writeups/fibers/figs/miccai_2TW/weight_2TW_b1000_dirt
y_1.eps Graphic file (type eps)

</Users/malcolm/junk/writeups/fibers/figs/miccai_2TW/weight_2TW_b1000_dirty_1.e
ps>
File: /Users/malcolm/junk/writeups/fibers/figs/miccai_2TW/detection_2TW_b1000_d
irty_2.eps Graphic file (type eps)

</Users/malcolm/junk/writeups/fibers/figs/miccai_2TW/detection_2TW_b1000_dirty_
2.eps>
File: /Users/malcolm/junk/writeups/fibers/figs/miccai_2TW/angle_2TW_b1000_dirty
_SH_2.eps Graphic file (type eps)

</Users/malcolm/junk/writeups/fibers/figs/miccai_2TW/angle_2TW_b1000_dirty_SH_2
.eps>
File: /Users/malcolm/junk/writeups/fibers/figs/miccai_2TW/weight_2TW_b1000_dirt
y_2.eps Graphic file (type eps)

</Users/malcolm/junk/writeups/fibers/figs/miccai_2TW/weight_2TW_b1000_dirty_2.e
ps>
File: /Users/malcolm/junk/writeups/fibers/figs/miccai_2TW/detection_2TW_b1000_d
irty_3.eps Graphic file (type eps)

</Users/malcolm/junk/writeups/fibers/figs/miccai_2TW/detection_2TW_b1000_dirty_
3.eps>
File: /Users/malcolm/junk/writeups/fibers/figs/miccai_2TW/angle_2TW_b1000_dirty
_SH_3.eps Graphic file (type eps)

</Users/malcolm/junk/writeups/fibers/figs/miccai_2TW/angle_2TW_b1000_dirty_SH_3
.eps>
File: /Users/malcolm/junk/writeups/fibers/figs/miccai_2TW/weight_2TW_b1000_dirt
y_3.eps Graphic file (type eps)

</Users/malcolm/junk/writeups/fibers/figs/miccai_2TW/weight_2TW_b1000_dirty_3.e
ps>
File: /Users/malcolm/junk/writeups/fibers/figs/miccai_2TW/detection_2TW_b1000_d
irty_4.eps Graphic file (type eps)

</Users/malcolm/junk/writeups/fibers/figs/miccai_2TW/detection_2TW_b1000_dirty_
4.eps>
File: /Users/malcolm/junk/writeups/fibers/figs/miccai_2TW/angle_2TW_b1000_dirty
_SH_4.eps Graphic file (type eps)

</Users/malcolm/junk/writeups/fibers/figs/miccai_2TW/angle_2TW_b1000_dirty_SH_4
.eps>
File: /Users/malcolm/junk/writeups/fibers/figs/miccai_2TW/weight_2TW_b1000_dirt
y_4.eps Graphic file (type eps)

</Users/malcolm/junk/writeups/fibers/figs/miccai_2TW/weight_2TW_b1000_dirty_4.e
ps> [59]
File: /Users/malcolm/junk/writeups/fibers/figs/tensor_NI/case01045_1T_tc.eps Gr
aphic file (type eps)

</Users/malcolm/junk/writeups/fibers/figs/tensor_NI/case01045_1T_tc.eps>
File: /Users/malcolm/junk/writeups/fibers/figs/tensor_NI/case01045_SH_tc.eps Gr
aphic file (type eps)

</Users/malcolm/junk/writeups/fibers/figs/tensor_NI/case01045_SH_tc.eps>
File: /Users/malcolm/junk/writeups/fibers/figs/miccai_2TW/case01045_2TW_tc.eps 
Graphic file (type eps)

</Users/malcolm/junk/writeups/fibers/figs/miccai_2TW/case01045_2TW_tc.eps>
Overfull \hbox (6.61612pt too wide) in paragraph at lines 2720--2728
 [][][][][][] 
 []

File: /Users/malcolm/junk/writeups/fibers/figs/miccai_2TW/case01045_1T_cc.eps G
raphic file (type eps)
</Users/malcolm/junk/writeups/fibers/figs/miccai_2TW/case01045_1T_cc.eps>
File: /Users/malcolm/junk/writeups/fibers/figs/miccai_2TW/case01045_SH_cc.eps G
raphic file (type eps)

</Users/malcolm/junk/writeups/fibers/figs/miccai_2TW/case01045_SH_cc.eps>
File: /Users/malcolm/junk/writeups/fibers/figs/miccai_2TW/case01045_2TW_cc.eps 
Graphic file (type eps)

</Users/malcolm/junk/writeups/fibers/figs/miccai_2TW/case01045_2TW_cc.eps>
[60] [61] [62]
CHAPTER V.
File: /Users/malcolm/junk/writeups/fibers/figs/fc/ground_truth.eps Graphic file
 (type eps)
</Users/malcolm/junk/writeups/fibers/figs/fc/ground_truth.eps>
File: /Users/malcolm/junk/writeups/fibers/figs/fc/phantom_3mm.eps Graphic file 
(type eps)

</Users/malcolm/junk/writeups/fibers/figs/fc/phantom_3mm.eps> [63

] [64]
[65]
CHAPTER VI.
[66

] [67] [68]
File: /Users/malcolm/junk/writeups/fibers/figs/miccai_study/case01009_roi_front
.eps Graphic file (type eps)

</Users/malcolm/junk/writeups/fibers/figs/miccai_study/case01009_roi_front.eps>
File: /Users/malcolm/junk/writeups/fibers/figs/miccai_study/case01009_03.eps Gr
aphic file (type eps)
</Users/malcolm/junk/writeups/fibers/figs/miccai_study/case01009_03.eps>
File: /Users/malcolm/junk/writeups/fibers/figs/miccai_study/case01009_24.eps Gr
aphic file (type eps)

</Users/malcolm/junk/writeups/fibers/figs/miccai_study/case01009_24.eps>
File: /Users/malcolm/junk/writeups/fibers/figs/miccai_study/case01009_28.eps Gr
aphic file (type eps)

</Users/malcolm/junk/writeups/fibers/figs/miccai_study/case01009_28.eps>
[69]
File: /Users/malcolm/junk/writeups/fibers/figs/miccai_study/case01026_03_single
.eps Graphic file (type eps)

</Users/malcolm/junk/writeups/fibers/figs/miccai_study/case01026_03_single.eps>
File: /Users/malcolm/junk/writeups/fibers/figs/miccai_study/case01026_03_ds.eps
 Graphic file (type eps)
</Users/malcolm/junk/writeups/fibers/figs/miccai_study/case01026_03_ds.eps>
[70]
File: /Users/malcolm/junk/writeups/fibers/figs/miccai_study/case01009_24_fa_1t.
eps Graphic file (type eps)

</Users/malcolm/junk/writeups/fibers/figs/miccai_study/case01009_24_fa_1t.eps>
File: /Users/malcolm/junk/writeups/fibers/figs/miccai_study/case01009_24_fa.eps
 Graphic file (type eps)

</Users/malcolm/junk/writeups/fibers/figs/miccai_study/case01009_24_fa.eps>
[71]
File: /Users/malcolm/junk/writeups/fibers/figs/miccai_study/fa_2T_b1000_theta.e
ps Graphic file (type eps)

</Users/malcolm/junk/writeups/fibers/figs/miccai_study/fa_2T_b1000_theta.eps>
File: /Users/malcolm/junk/writeups/fibers/figs/miccai_study/fa_2T_b1000_theta_0
0.eps Graphic file (type eps)

</Users/malcolm/junk/writeups/fibers/figs/miccai_study/fa_2T_b1000_theta_00.eps
>
File: /Users/malcolm/junk/writeups/fibers/figs/miccai_study/fa_2T_b1000_theta_4
5.eps Graphic file (type eps)

</Users/malcolm/junk/writeups/fibers/figs/miccai_study/fa_2T_b1000_theta_45.eps
>
File: /Users/malcolm/junk/writeups/fibers/figs/miccai_study/fa_2T_b1000_theta_9
0.eps Graphic file (type eps)

</Users/malcolm/junk/writeups/fibers/figs/miccai_study/fa_2T_b1000_theta_90.eps
> [72]
File: /Users/malcolm/junk/writeups/fibers/figs/miccai_study/study_stats_1_FA.ep
s Graphic file (type eps)

</Users/malcolm/junk/writeups/fibers/figs/miccai_study/study_stats_1_FA.eps>
File: /Users/malcolm/junk/writeups/fibers/figs/miccai_study/study_stats_1_trace
.eps Graphic file (type eps)

</Users/malcolm/junk/writeups/fibers/figs/miccai_study/study_stats_1_trace.eps>
File: /Users/malcolm/junk/writeups/fibers/figs/miccai_study/study_stats_1_RD.ep
s Graphic file (type eps)
</Users/malcolm/junk/writeups/fibers/figs/miccai_study/study_stats_1_RD.eps>
File: /Users/malcolm/junk/writeups/fibers/figs/miccai_study/study_stats_2_FA.ep
s Graphic file (type eps)

</Users/malcolm/junk/writeups/fibers/figs/miccai_study/study_stats_2_FA.eps>
File: /Users/malcolm/junk/writeups/fibers/figs/miccai_study/study_stats_2_trace
.eps Graphic file (type eps)

</Users/malcolm/junk/writeups/fibers/figs/miccai_study/study_stats_2_trace.eps>
File: /Users/malcolm/junk/writeups/fibers/figs/miccai_study/study_stats_2_RD.ep
s Graphic file (type eps)
</Users/malcolm/junk/writeups/fibers/figs/miccai_study/study_stats_2_RD.eps>
File: /Users/malcolm/junk/writeups/fibers/figs/miccai_study/study_stats_3_FA.ep
s Graphic file (type eps)

</Users/malcolm/junk/writeups/fibers/figs/miccai_study/study_stats_3_FA.eps>
File: /Users/malcolm/junk/writeups/fibers/figs/miccai_study/study_stats_3_trace
.eps Graphic file (type eps)

</Users/malcolm/junk/writeups/fibers/figs/miccai_study/study_stats_3_trace.eps>
File: /Users/malcolm/junk/writeups/fibers/figs/miccai_study/study_stats_3_RD.ep
s Graphic file (type eps)
</Users/malcolm/junk/writeups/fibers/figs/miccai_study/study_stats_3_RD.eps>
[73] [74] [75]
CHAPTER VII.
[76

]
***************** References ******************
[77] (./malcolm_diss.bbl [78


] [79] [80] [81] [82] [83] [84] [85] [86] [87]
[88]) [89] (./malcolm_diss.aux) ) 
Here is how much of TeX's memory you used:
 5836 strings out of 94501
 93251 string characters out of 1174997
 203424 words of memory out of 1000000
 8739 multiletter control sequences out of 10000+50000
 16240 words of font info for 64 fonts, out of 500000 for 2000
 580 hyphenation exceptions out of 1000
 42i,13n,45p,910b,519s stack positions out of 1500i,500n,5000p,200000b,5000s

Output written on malcolm_diss.dvi (101 pages, 357688 bytes).
